# JRE version: OpenJDK Runtime Environment Microsoft-8902769 (17.0.10+7) (build 17.0.10+7-LTS)
# Java VM: OpenJDK 64-Bit Server VM Microsoft-8902769 (17.0.10+7-LTS, mixed mode, sharing, tiered, compressed oops, compressed class ptrs, g1 gc, windows-amd64)
GC Precious Log:
 CPUs: 4 total, 4 available
 Memory: 8099M
 Large Page Support: Disabled
 NUMA Support: Disabled
 Compressed Oops: Enabled (32-bit)
 Heap Region Size: 1M
 Heap Min Capacity: 8M
 Heap Initial Capacity: 128M
 Heap Max Capacity: 2G
 Pre-touch: Disabled
 Parallel Workers: 4
 Concurrent Workers: 1
 Concurrent Refinement Workers: 4
 Periodic GC: Disabled
Heap:
 garbage-first heap   total 365568K, used 257988K [0x0000000080000000, 0x0000000100000000)
  region size 1024K, 8 young (8192K), 8 survivors (8192K)
 Metaspace       used 112091K, committed 113728K, reserved 557056K
  class space    used 15620K, committed 16320K, reserved 425984K
GC Heap History (20 events):
Event: 58.686 GC heap after
{Heap after GC invocations=43 (full 0):
 garbage-first heap   total 257024K, used 136891K [0x0000000080000000, 0x0000000100000000)
  region size 1024K, 14 young (14336K), 14 survivors (14336K)
 Metaspace       used 96404K, committed 97344K, reserved 557056K
  class space    used 13514K, committed 13888K, reserved 425984K
}
Event: 62.296 GC heap before
{Heap before GC invocations=43 (full 0):
 garbage-first heap   total 257024K, used 203451K [0x0000000080000000, 0x0000000100000000)
  region size 1024K, 79 young (80896K), 14 survivors (14336K)
 Metaspace       used 97939K, committed 99008K, reserved 557056K
  class space    used 13712K, committed 14208K, reserved 425984K
}
Event: 62.336 GC heap after
{Heap after GC invocations=44 (full 0):
 garbage-first heap   total 257024K, used 151552K [0x0000000080000000, 0x0000000100000000)
  region size 1024K, 10 young (10240K), 10 survivors (10240K)
 Metaspace       used 97939K, committed 99008K, reserved 557056K
  class space    used 13712K, committed 14208K, reserved 425984K
}
Event: 63.396 GC heap before
{Heap before GC invocations=44 (full 0):
 garbage-first heap   total 257024K, used 203776K [0x0000000080000000, 0x0000000100000000)
  region size 1024K, 61 young (62464K), 10 survivors (10240K)
 Metaspace       used 98591K, committed 99712K, reserved 557056K
  class space    used 13781K, committed 14272K, reserved 425984K
}
Event: 63.431 GC heap after
{Heap after GC invocations=45 (full 0):
 garbage-first heap   total 257024K, used 163840K [0x0000000080000000, 0x0000000100000000)
  region size 1024K, 8 young (8192K), 8 survivors (8192K)
 Metaspace       used 98591K, committed 99712K, reserved 557056K
  class space    used 13781K, committed 14272K, reserved 425984K
}
Event: 64.091 GC heap before
{Heap before GC invocations=45 (full 0):
 garbage-first heap   total 257024K, used 210944K [0x0000000080000000, 0x0000000100000000)
  region size 1024K, 49 young (50176K), 8 survivors (8192K)
 Metaspace       used 98801K, committed 99968K, reserved 557056K
  class space    used 13810K, committed 14336K, reserved 425984K
}
Event: 64.119 GC heap after
{Heap after GC invocations=46 (full 0):
 garbage-first heap   total 257024K, used 177664K [0x0000000080000000, 0x0000000100000000)
  region size 1024K, 7 young (7168K), 7 survivors (7168K)
 Metaspace       used 98801K, committed 99968K, reserved 557056K
  class space    used 13810K, committed 14336K, reserved 425984K
}
Event: 64.682 GC heap before
{Heap before GC invocations=46 (full 0):
 garbage-first heap   total 257024K, used 211456K [0x0000000080000000, 0x0000000100000000)
  region size 1024K, 39 young (39936K), 7 survivors (7168K)
 Metaspace       used 99070K, committed 100288K, reserved 557056K
  class space    used 13847K, committed 14400K, reserved 425984K
}
Event: 64.702 GC heap after
{Heap after GC invocations=47 (full 0):
 garbage-first heap   total 365568K, used 189440K [0x0000000080000000, 0x0000000100000000)
  region size 1024K, 5 young (5120K), 5 survivors (5120K)
 Metaspace       used 99070K, committed 100288K, reserved 557056K
  class space    used 13847K, committed 14400K, reserved 425984K
}
Event: 67.187 GC heap before
{Heap before GC invocations=47 (full 0):
 garbage-first heap   total 365568K, used 285696K [0x0000000080000000, 0x0000000100000000)
  region size 1024K, 98 young (100352K), 5 survivors (5120K)
 Metaspace       used 103829K, committed 105280K, reserved 557056K
  class space    used 14544K, committed 15232K, reserved 425984K
}
Event: 67.220 GC heap after
{Heap after GC invocations=48 (full 0):
 garbage-first heap   total 365568K, used 197608K [0x0000000080000000, 0x0000000100000000)
  region size 1024K, 13 young (13312K), 13 survivors (13312K)
 Metaspace       used 103829K, committed 105280K, reserved 557056K
  class space    used 14544K, committed 15232K, reserved 425984K
}
Event: 68.303 GC heap before
{Heap before GC invocations=48 (full 0):
 garbage-first heap   total 365568K, used 289768K [0x0000000080000000, 0x0000000100000000)
  region size 1024K, 103 young (105472K), 13 survivors (13312K)
 Metaspace       used 105811K, committed 107328K, reserved 557056K
  class space    used 14813K, committed 15488K, reserved 425984K
}
Event: 68.336 GC heap after
{Heap after GC invocations=49 (full 0):
 garbage-first heap   total 365568K, used 210944K [0x0000000080000000, 0x0000000100000000)
  region size 1024K, 13 young (13312K), 13 survivors (13312K)
 Metaspace       used 105811K, committed 107328K, reserved 557056K
  class space    used 14813K, committed 15488K, reserved 425984K
}
Event: 69.813 GC heap before
{Heap before GC invocations=49 (full 0):
 garbage-first heap   total 365568K, used 294912K [0x0000000080000000, 0x0000000100000000)
  region size 1024K, 94 young (96256K), 13 survivors (13312K)
 Metaspace       used 106583K, committed 108096K, reserved 557056K
  class space    used 14905K, committed 15616K, reserved 425984K
}
Event: 69.868 GC heap after
{Heap after GC invocations=50 (full 0):
 garbage-first heap   total 365568K, used 228352K [0x0000000080000000, 0x0000000100000000)
  region size 1024K, 12 young (12288K), 12 survivors (12288K)
 Metaspace       used 106583K, committed 108096K, reserved 557056K
  class space    used 14905K, committed 15616K, reserved 425984K
}
Event: 71.625 GC heap before
{Heap before GC invocations=50 (full 0):
 garbage-first heap   total 365568K, used 297984K [0x0000000080000000, 0x0000000100000000)
  region size 1024K, 78 young (79872K), 12 survivors (12288K)
 Metaspace       used 107675K, committed 109184K, reserved 557056K
  class space    used 15049K, committed 15744K, reserved 425984K
}
Event: 71.662 GC heap after
{Heap after GC invocations=51 (full 0):
 garbage-first heap   total 365568K, used 241152K [0x0000000080000000, 0x0000000100000000)
  region size 1024K, 10 young (10240K), 10 survivors (10240K)
 Metaspace       used 107675K, committed 109184K, reserved 557056K
  class space    used 15049K, committed 15744K, reserved 425984K
}
Event: 72.935 GC heap before
{Heap before GC invocations=51 (full 0):
 garbage-first heap   total 365568K, used 298496K [0x0000000080000000, 0x0000000100000000)
  region size 1024K, 66 young (67584K), 10 survivors (10240K)
 Metaspace       used 111150K, committed 112640K, reserved 557056K
  class space    used 15522K, committed 16192K, reserved 425984K
}
Event: 72.980 GC heap after
{Heap after GC invocations=52 (full 0):
 garbage-first heap   total 365568K, used 247720K [0x0000000080000000, 0x0000000100000000)
  region size 1024K, 6 young (6144K), 6 survivors (6144K)
 Metaspace       used 111150K, committed 112640K, reserved 557056K
  class space    used 15522K, committed 16192K, reserved 425984K
}
Event: 73.980 GC heap before
{Heap before GC invocations=52 (full 0):
 garbage-first heap   total 365568K, used 303016K [0x0000000080000000, 0x0000000100000000)
  region size 1024K, 60 young (61440K), 6 survivors (6144K)
 Metaspace       used 112091K, committed 113728K, reserved 557056K
  class space    used 15620K, committed 16320K, reserved 425984K
}

