# JRE version: OpenJDK Runtime Environment Microsoft-8902769 (17.0.10+7) (build 17.0.10+7-LTS)
# Java VM: OpenJDK 64-Bit Server VM Microsoft-8902769 (17.0.10+7-LTS, mixed mode, sharing, tiered, compressed oops, compressed class ptrs, g1 gc, windows-amd64)
GC Precious Log:
 CPUs: 4 total, 4 available
 Memory: 8099M
 Large Page Support: Disabled
 NUMA Support: Disabled
 Compressed Oops: Enabled (32-bit)
 Heap Region Size: 1M
 Heap Min Capacity: 8M
 Heap Initial Capacity: 128M
 Heap Max Capacity: 2G
 Pre-touch: Disabled
 Parallel Workers: 4
 Concurrent Workers: 1
 Concurrent Refinement Workers: 4
 Periodic GC: Disabled
Heap:
 garbage-first heap   total 332800K, used 217991K [0x0000000080000000, 0x0000000100000000)
  region size 1024K, 32 young (32768K), 4 survivors (4096K)
 Metaspace       used 105579K, committed 107008K, reserved 557056K
  class space    used 14812K, committed 15488K, reserved 425984K
GC Heap History (20 events):
Event: 44.598 GC heap before
{Heap before GC invocations=38 (full 0):
 garbage-first heap   total 171008K, used 123312K [0x0000000080000000, 0x0000000100000000)
  region size 1024K, 34 young (34816K), 2 survivors (2048K)
 Metaspace       used 73426K, committed 74176K, reserved 491520K
  class space    used 10303K, committed 10688K, reserved 425984K
}
Event: 44.604 GC heap after
{Heap after GC invocations=39 (full 0):
 garbage-first heap   total 171008K, used 91384K [0x0000000080000000, 0x0000000100000000)
  region size 1024K, 3 young (3072K), 3 survivors (3072K)
 Metaspace       used 73426K, committed 74176K, reserved 491520K
  class space    used 10303K, committed 10688K, reserved 425984K
}
Event: 44.738 GC heap before
{Heap before GC invocations=39 (full 0):
 garbage-first heap   total 171008K, used 96504K [0x0000000080000000, 0x0000000100000000)
  region size 1024K, 8 young (8192K), 3 survivors (3072K)
 Metaspace       used 74483K, committed 75200K, reserved 491520K
  class space    used 10418K, committed 10752K, reserved 425984K
}
Event: 44.746 GC heap after
{Heap after GC invocations=40 (full 0):
 garbage-first heap   total 171008K, used 91228K [0x0000000080000000, 0x0000000100000000)
  region size 1024K, 1 young (1024K), 1 survivors (1024K)
 Metaspace       used 74483K, committed 75200K, reserved 491520K
  class space    used 10418K, committed 10752K, reserved 425984K
}
Event: 45.693 GC heap before
{Heap before GC invocations=40 (full 0):
 garbage-first heap   total 171008K, used 144476K [0x0000000080000000, 0x0000000100000000)
  region size 1024K, 47 young (48128K), 1 survivors (1024K)
 Metaspace       used 77172K, committed 77888K, reserved 557056K
  class space    used 10776K, committed 11136K, reserved 425984K
}
Event: 45.701 GC heap after
{Heap after GC invocations=41 (full 0):
 garbage-first heap   total 315392K, used 95210K [0x0000000080000000, 0x0000000100000000)
  region size 1024K, 5 young (5120K), 5 survivors (5120K)
 Metaspace       used 77172K, committed 77888K, reserved 557056K
  class space    used 10776K, committed 11136K, reserved 425984K
}
Event: 58.596 GC heap before
{Heap before GC invocations=41 (full 0):
 garbage-first heap   total 315392K, used 246762K [0x0000000080000000, 0x0000000100000000)
  region size 1024K, 153 young (156672K), 5 survivors (5120K)
 Metaspace       used 85133K, committed 85952K, reserved 557056K
  class space    used 11862K, committed 12288K, reserved 425984K
}
Event: 58.627 GC heap after
{Heap after GC invocations=42 (full 0):
 garbage-first heap   total 315392K, used 103516K [0x0000000080000000, 0x0000000100000000)
  region size 1024K, 13 young (13312K), 13 survivors (13312K)
 Metaspace       used 85133K, committed 85952K, reserved 557056K
  class space    used 11862K, committed 12288K, reserved 425984K
}
Event: 61.615 GC heap before
{Heap before GC invocations=42 (full 0):
 garbage-first heap   total 315392K, used 251996K [0x0000000080000000, 0x0000000100000000)
  region size 1024K, 157 young (160768K), 13 survivors (13312K)
 Metaspace       used 93530K, committed 94400K, reserved 557056K
  class space    used 13175K, committed 13568K, reserved 425984K
}
Event: 61.653 GC heap after
{Heap after GC invocations=43 (full 0):
 garbage-first heap   total 315392K, used 112033K [0x0000000080000000, 0x0000000100000000)
  region size 1024K, 17 young (17408K), 17 survivors (17408K)
 Metaspace       used 93530K, committed 94400K, reserved 557056K
  class space    used 13175K, committed 13568K, reserved 425984K
}
Event: 65.237 GC heap before
{Heap before GC invocations=43 (full 0):
 garbage-first heap   total 315392K, used 260513K [0x0000000080000000, 0x0000000100000000)
  region size 1024K, 156 young (159744K), 17 survivors (17408K)
 Metaspace       used 97641K, committed 98624K, reserved 557056K
  class space    used 13689K, committed 14144K, reserved 425984K
}
Event: 65.335 GC heap after
{Heap after GC invocations=44 (full 0):
 garbage-first heap   total 315392K, used 146180K [0x0000000080000000, 0x0000000100000000)
  region size 1024K, 20 young (20480K), 20 survivors (20480K)
 Metaspace       used 97641K, committed 98624K, reserved 557056K
  class space    used 13689K, committed 14144K, reserved 425984K
}
Event: 67.739 GC heap before
{Heap before GC invocations=44 (full 0):
 garbage-first heap   total 315392K, used 249604K [0x0000000080000000, 0x0000000100000000)
  region size 1024K, 117 young (119808K), 20 survivors (20480K)
 Metaspace       used 98829K, committed 100096K, reserved 557056K
  class space    used 13828K, committed 14400K, reserved 425984K
}
Event: 67.804 GC heap after
{Heap after GC invocations=45 (full 0):
 garbage-first heap   total 315392K, used 172544K [0x0000000080000000, 0x0000000100000000)
  region size 1024K, 15 young (15360K), 15 survivors (15360K)
 Metaspace       used 98829K, committed 100096K, reserved 557056K
  class space    used 13828K, committed 14400K, reserved 425984K
}
Event: 69.916 GC heap before
{Heap before GC invocations=46 (full 0):
 garbage-first heap   total 332800K, used 250368K [0x0000000080000000, 0x0000000100000000)
  region size 1024K, 89 young (91136K), 15 survivors (15360K)
 Metaspace       used 100624K, committed 101952K, reserved 557056K
  class space    used 14108K, committed 14720K, reserved 425984K
}
Event: 69.961 GC heap after
{Heap after GC invocations=47 (full 0):
 garbage-first heap   total 332800K, used 187904K [0x0000000080000000, 0x0000000100000000)
  region size 1024K, 12 young (12288K), 12 survivors (12288K)
 Metaspace       used 100624K, committed 101952K, reserved 557056K
  class space    used 14108K, committed 14720K, reserved 425984K
}
Event: 70.035 GC heap before
{Heap before GC invocations=47 (full 0):
 garbage-first heap   total 332800K, used 190976K [0x0000000080000000, 0x0000000100000000)
  region size 1024K, 16 young (16384K), 12 survivors (12288K)
 Metaspace       used 100999K, committed 102400K, reserved 557056K
  class space    used 14138K, committed 14784K, reserved 425984K
}
Event: 70.057 GC heap after
{Heap after GC invocations=48 (full 0):
 garbage-first heap   total 332800K, used 188416K [0x0000000080000000, 0x0000000100000000)
  region size 1024K, 2 young (2048K), 2 survivors (2048K)
 Metaspace       used 100999K, committed 102400K, reserved 557056K
  class space    used 14138K, committed 14784K, reserved 425984K
}
Event: 72.613 GC heap before
{Heap before GC invocations=48 (full 0):
 garbage-first heap   total 332800K, used 262144K [0x0000000080000000, 0x0000000100000000)
  region size 1024K, 74 young (75776K), 2 survivors (2048K)
 Metaspace       used 104818K, committed 106240K, reserved 557056K
  class space    used 14708K, committed 15360K, reserved 425984K
}
Event: 72.632 GC heap after
{Heap after GC invocations=49 (full 0):
 garbage-first heap   total 332800K, used 190343K [0x0000000080000000, 0x0000000100000000)
  region size 1024K, 4 young (4096K), 4 survivors (4096K)
 Metaspace       used 104818K, committed 106240K, reserved 557056K
  class space    used 14708K, committed 15360K, reserved 425984K
}

