# JRE version: OpenJDK Runtime Environment Microsoft-8902769 (17.0.10+7) (build 17.0.10+7-LTS)
# Java VM: OpenJDK 64-Bit Server VM Microsoft-8902769 (17.0.10+7-LTS, mixed mode, sharing, tiered, compressed oops, compressed class ptrs, g1 gc, windows-amd64)
GC Precious Log:
 CPUs: 4 total, 4 available
 Memory: 8099M
 Large Page Support: Disabled
 NUMA Support: Disabled
 Compressed Oops: Enabled (32-bit)
 Heap Region Size: 1M
 Heap Min Capacity: 8M
 Heap Initial Capacity: 128M
 Heap Max Capacity: 2G
 Pre-touch: Disabled
 Parallel Workers: 4
 Concurrent Workers: 1
 Concurrent Refinement Workers: 4
 Periodic GC: Disabled
Heap:
 garbage-first heap   total 321536K, used 226648K [0x0000000080000000, 0x0000000100000000)
  region size 1024K, 118 young (120832K), 11 survivors (11264K)
 Metaspace       used 96800K, committed 97792K, reserved 557056K
  class space    used 13559K, committed 14016K, reserved 425984K
GC Heap History (20 events):
Event: 35.103 GC heap before
{Heap before GC invocations=31 (full 0):
 garbage-first heap   total 160768K, used 131279K [0x0000000080000000, 0x0000000100000000)
  region size 1024K, 54 young (55296K), 1 survivors (1024K)
 Metaspace       used 67869K, committed 68608K, reserved 491520K
  class space    used 9684K, committed 9984K, reserved 425984K
}
Event: 35.113 GC heap after
{Heap after GC invocations=32 (full 0):
 garbage-first heap   total 160768K, used 84808K [0x0000000080000000, 0x0000000100000000)
  region size 1024K, 7 young (7168K), 7 survivors (7168K)
 Metaspace       used 67869K, committed 68608K, reserved 491520K
  class space    used 9684K, committed 9984K, reserved 425984K
}
Event: 35.977 GC heap before
{Heap before GC invocations=33 (full 0):
 garbage-first heap   total 160768K, used 130888K [0x0000000080000000, 0x0000000100000000)
  region size 1024K, 50 young (51200K), 7 survivors (7168K)
 Metaspace       used 71009K, committed 71744K, reserved 491520K
  class space    used 10032K, committed 10368K, reserved 425984K
}
Event: 35.987 GC heap after
{Heap after GC invocations=34 (full 0):
 garbage-first heap   total 160768K, used 91256K [0x0000000080000000, 0x0000000100000000)
  region size 1024K, 5 young (5120K), 5 survivors (5120K)
 Metaspace       used 71009K, committed 71744K, reserved 491520K
  class space    used 10032K, committed 10368K, reserved 425984K
}
Event: 36.018 GC heap before
{Heap before GC invocations=34 (full 0):
 garbage-first heap   total 160768K, used 92280K [0x0000000080000000, 0x0000000100000000)
  region size 1024K, 7 young (7168K), 5 survivors (5120K)
 Metaspace       used 71165K, committed 71872K, reserved 491520K
  class space    used 10055K, committed 10368K, reserved 425984K
}
Event: 36.023 GC heap after
{Heap after GC invocations=35 (full 0):
 garbage-first heap   total 160768K, used 90420K [0x0000000080000000, 0x0000000100000000)
  region size 1024K, 1 young (1024K), 1 survivors (1024K)
 Metaspace       used 71165K, committed 71872K, reserved 491520K
  class space    used 10055K, committed 10368K, reserved 425984K
}
Event: 37.104 GC heap before
{Heap before GC invocations=35 (full 0):
 garbage-first heap   total 160768K, used 134452K [0x0000000080000000, 0x0000000100000000)
  region size 1024K, 40 young (40960K), 1 survivors (1024K)
 Metaspace       used 74875K, committed 75648K, reserved 491520K
  class space    used 10463K, committed 10816K, reserved 425984K
}
Event: 37.112 GC heap after
{Heap after GC invocations=36 (full 0):
 garbage-first heap   total 160768K, used 97851K [0x0000000080000000, 0x0000000100000000)
  region size 1024K, 5 young (5120K), 5 survivors (5120K)
 Metaspace       used 74875K, committed 75648K, reserved 491520K
  class space    used 10463K, committed 10816K, reserved 425984K
}
Event: 37.795 GC heap before
{Heap before GC invocations=36 (full 0):
 garbage-first heap   total 160768K, used 133691K [0x0000000080000000, 0x0000000100000000)
  region size 1024K, 38 young (38912K), 5 survivors (5120K)
 Metaspace       used 76810K, committed 77568K, reserved 557056K
  class space    used 10726K, committed 11072K, reserved 425984K
}
Event: 37.802 GC heap after
{Heap after GC invocations=37 (full 0):
 garbage-first heap   total 160768K, used 96267K [0x0000000080000000, 0x0000000100000000)
  region size 1024K, 3 young (3072K), 3 survivors (3072K)
 Metaspace       used 76810K, committed 77568K, reserved 557056K
  class space    used 10726K, committed 11072K, reserved 425984K
}
Event: 38.742 GC heap before
{Heap before GC invocations=37 (full 0):
 garbage-first heap   total 160768K, used 131083K [0x0000000080000000, 0x0000000100000000)
  region size 1024K, 37 young (37888K), 3 survivors (3072K)
 Metaspace       used 79252K, committed 80000K, reserved 557056K
  class space    used 11059K, committed 11392K, reserved 425984K
}
Event: 38.748 GC heap after
{Heap after GC invocations=38 (full 0):
 garbage-first heap   total 160768K, used 97279K [0x0000000080000000, 0x0000000100000000)
  region size 1024K, 4 young (4096K), 4 survivors (4096K)
 Metaspace       used 79252K, committed 80000K, reserved 557056K
  class space    used 11059K, committed 11392K, reserved 425984K
}
Event: 39.398 GC heap before
{Heap before GC invocations=38 (full 0):
 garbage-first heap   total 160768K, used 133119K [0x0000000080000000, 0x0000000100000000)
  region size 1024K, 39 young (39936K), 4 survivors (4096K)
 Metaspace       used 81902K, committed 82688K, reserved 557056K
  class space    used 11423K, committed 11776K, reserved 425984K
}
Event: 39.404 GC heap after
{Heap after GC invocations=39 (full 0):
 garbage-first heap   total 160768K, used 98682K [0x0000000080000000, 0x0000000100000000)
  region size 1024K, 3 young (3072K), 3 survivors (3072K)
 Metaspace       used 81902K, committed 82688K, reserved 557056K
  class space    used 11423K, committed 11776K, reserved 425984K
}
Event: 40.091 GC heap before
{Heap before GC invocations=39 (full 0):
 garbage-first heap   total 160768K, used 134522K [0x0000000080000000, 0x0000000100000000)
  region size 1024K, 38 young (38912K), 3 survivors (3072K)
 Metaspace       used 83268K, committed 84096K, reserved 557056K
  class space    used 11610K, committed 12032K, reserved 425984K
}
Event: 40.101 GC heap after
{Heap after GC invocations=40 (full 0):
 garbage-first heap   total 160768K, used 101586K [0x0000000080000000, 0x0000000100000000)
  region size 1024K, 5 young (5120K), 5 survivors (5120K)
 Metaspace       used 83268K, committed 84096K, reserved 557056K
  class space    used 11610K, committed 12032K, reserved 425984K
}
Event: 49.676 GC heap before
{Heap before GC invocations=40 (full 0):
 garbage-first heap   total 160768K, used 132306K [0x0000000080000000, 0x0000000100000000)
  region size 1024K, 36 young (36864K), 5 survivors (5120K)
 Metaspace       used 83917K, committed 84736K, reserved 557056K
  class space    used 11688K, committed 12096K, reserved 425984K
}
Event: 49.690 GC heap after
{Heap after GC invocations=41 (full 0):
 garbage-first heap   total 321536K, used 104237K [0x0000000080000000, 0x0000000100000000)
  region size 1024K, 3 young (3072K), 3 survivors (3072K)
 Metaspace       used 83917K, committed 84736K, reserved 557056K
  class space    used 11688K, committed 12096K, reserved 425984K
}
Event: 53.546 GC heap before
{Heap before GC invocations=41 (full 0):
 garbage-first heap   total 321536K, used 262957K [0x0000000080000000, 0x0000000100000000)
  region size 1024K, 157 young (160768K), 3 survivors (3072K)
 Metaspace       used 93242K, committed 94144K, reserved 557056K
  class space    used 13134K, committed 13568K, reserved 425984K
}
Event: 53.579 GC heap after
{Heap after GC invocations=42 (full 0):
 garbage-first heap   total 321536K, used 111960K [0x0000000080000000, 0x0000000100000000)
  region size 1024K, 11 young (11264K), 11 survivors (11264K)
 Metaspace       used 93242K, committed 94144K, reserved 557056K
  class space    used 13134K, committed 13568K, reserved 425984K
}

