# JRE version: OpenJDK Runtime Environment Microsoft-8902769 (17.0.10+7) (build 17.0.10+7-LTS)
# Java VM: OpenJDK 64-Bit Server VM Microsoft-8902769 (17.0.10+7-LTS, mixed mode, sharing, tiered, compressed oops, compressed class ptrs, g1 gc, windows-amd64)
GC Precious Log:
 CPUs: 4 total, 4 available
 Memory: 8099M
 Large Page Support: Disabled
 NUMA Support: Disabled
 Compressed Oops: Enabled (32-bit)
 Heap Region Size: 1M
 Heap Min Capacity: 8M
 Heap Initial Capacity: 128M
 Heap Max Capacity: 2G
 Pre-touch: Disabled
 Parallel Workers: 4
 Concurrent Workers: 1
 Concurrent Refinement Workers: 4
 Periodic GC: Disabled
Heap:
 garbage-first heap   total 512000K, used 443022K [0x0000000080000000, 0x0000000100000000)
  region size 1024K, 12 young (12288K), 4 survivors (4096K)
 Metaspace       used 127588K, committed 130048K, reserved 557056K
  class space    used 17008K, committed 18048K, reserved 425984K
GC Heap History (20 events):
Event: 3487.216 GC heap before
{Heap before GC invocations=109 (full 0):
 garbage-first heap   total 512000K, used 457674K [0x0000000080000000, 0x0000000100000000)
  region size 1024K, 25 young (25600K), 2 survivors (2048K)
 Metaspace       used 127289K, committed 129408K, reserved 557056K
  class space    used 17026K, committed 17984K, reserved 425984K
}
Event: 3487.224 GC heap after
{Heap after GC invocations=110 (full 0):
 garbage-first heap   total 512000K, used 435710K [0x0000000080000000, 0x0000000100000000)
  region size 1024K, 3 young (3072K), 3 survivors (3072K)
 Metaspace       used 127289K, committed 129408K, reserved 557056K
  class space    used 17026K, committed 17984K, reserved 425984K
}
Event: 3749.117 GC heap before
{Heap before GC invocations=110 (full 0):
 garbage-first heap   total 512000K, used 458238K [0x0000000080000000, 0x0000000100000000)
  region size 1024K, 25 young (25600K), 3 survivors (3072K)
 Metaspace       used 127357K, committed 129472K, reserved 557056K
  class space    used 17030K, committed 17984K, reserved 425984K
}
Event: 3749.125 GC heap after
{Heap after GC invocations=111 (full 0):
 garbage-first heap   total 512000K, used 435463K [0x0000000080000000, 0x0000000100000000)
  region size 1024K, 2 young (2048K), 2 survivors (2048K)
 Metaspace       used 127357K, committed 129472K, reserved 557056K
  class space    used 17030K, committed 17984K, reserved 425984K
}
Event: 4417.741 GC heap before
{Heap before GC invocations=111 (full 0):
 garbage-first heap   total 512000K, used 459015K [0x0000000080000000, 0x0000000100000000)
  region size 1024K, 25 young (25600K), 2 survivors (2048K)
 Metaspace       used 127364K, committed 129472K, reserved 557056K
  class space    used 17030K, committed 17984K, reserved 425984K
}
Event: 4417.746 GC heap after
{Heap after GC invocations=112 (full 0):
 garbage-first heap   total 512000K, used 435662K [0x0000000080000000, 0x0000000100000000)
  region size 1024K, 2 young (2048K), 2 survivors (2048K)
 Metaspace       used 127364K, committed 129472K, reserved 557056K
  class space    used 17030K, committed 17984K, reserved 425984K
}
Event: 4435.169 GC heap before
{Heap before GC invocations=112 (full 0):
 garbage-first heap   total 512000K, used 458190K [0x0000000080000000, 0x0000000100000000)
  region size 1024K, 25 young (25600K), 2 survivors (2048K)
 Metaspace       used 127429K, committed 129536K, reserved 557056K
  class space    used 17031K, committed 17984K, reserved 425984K
}
Event: 4435.178 GC heap after
{Heap after GC invocations=113 (full 0):
 garbage-first heap   total 512000K, used 438194K [0x0000000080000000, 0x0000000100000000)
  region size 1024K, 4 young (4096K), 4 survivors (4096K)
 Metaspace       used 127429K, committed 129536K, reserved 557056K
  class space    used 17031K, committed 17984K, reserved 425984K
}
Event: 4436.012 GC heap before
{Heap before GC invocations=113 (full 0):
 garbage-first heap   total 512000K, used 459698K [0x0000000080000000, 0x0000000100000000)
  region size 1024K, 25 young (25600K), 4 survivors (4096K)
 Metaspace       used 127471K, committed 129536K, reserved 557056K
  class space    used 17033K, committed 17984K, reserved 425984K
}
Event: 4436.025 GC heap after
{Heap after GC invocations=114 (full 0):
 garbage-first heap   total 512000K, used 440949K [0x0000000080000000, 0x0000000100000000)
  region size 1024K, 3 young (3072K), 3 survivors (3072K)
 Metaspace       used 127471K, committed 129536K, reserved 557056K
  class space    used 17033K, committed 17984K, reserved 425984K
}
Event: 4448.838 GC heap before
{Heap before GC invocations=114 (full 0):
 garbage-first heap   total 512000K, used 463477K [0x0000000080000000, 0x0000000100000000)
  region size 1024K, 25 young (25600K), 3 survivors (3072K)
 Metaspace       used 127673K, committed 129856K, reserved 557056K
  class space    used 17070K, committed 18048K, reserved 425984K
}
Event: 4448.858 GC heap after
{Heap after GC invocations=115 (full 0):
 garbage-first heap   total 512000K, used 447223K [0x0000000080000000, 0x0000000100000000)
  region size 1024K, 4 young (4096K), 4 survivors (4096K)
 Metaspace       used 127673K, committed 129856K, reserved 557056K
  class space    used 17070K, committed 18048K, reserved 425984K
}
Event: 4449.349 GC heap before
{Heap before GC invocations=115 (full 0):
 garbage-first heap   total 512000K, used 467703K [0x0000000080000000, 0x0000000100000000)
  region size 1024K, 25 young (25600K), 4 survivors (4096K)
 Metaspace       used 127703K, committed 129920K, reserved 557056K
  class space    used 17070K, committed 18048K, reserved 425984K
}
Event: 4449.368 GC heap after
{Heap after GC invocations=116 (full 0):
 garbage-first heap   total 512000K, used 452819K [0x0000000080000000, 0x0000000100000000)
  region size 1024K, 4 young (4096K), 4 survivors (4096K)
 Metaspace       used 127703K, committed 129920K, reserved 557056K
  class space    used 17070K, committed 18048K, reserved 425984K
}
Event: 4449.948 GC heap before
{Heap before GC invocations=116 (full 0):
 garbage-first heap   total 512000K, used 474323K [0x0000000080000000, 0x0000000100000000)
  region size 1024K, 25 young (25600K), 4 survivors (4096K)
 Metaspace       used 127786K, committed 129984K, reserved 557056K
  class space    used 17071K, committed 18048K, reserved 425984K
}
Event: 4449.966 GC heap after
{Heap after GC invocations=117 (full 0):
 garbage-first heap   total 512000K, used 459234K [0x0000000080000000, 0x0000000100000000)
  region size 1024K, 4 young (4096K), 4 survivors (4096K)
 Metaspace       used 127786K, committed 129984K, reserved 557056K
  class space    used 17071K, committed 18048K, reserved 425984K
}
Event: 4450.723 GC heap before
{Heap before GC invocations=117 (full 0):
 garbage-first heap   total 512000K, used 480738K [0x0000000080000000, 0x0000000100000000)
  region size 1024K, 25 young (25600K), 4 survivors (4096K)
 Metaspace       used 127825K, committed 129984K, reserved 557056K
  class space    used 17071K, committed 18048K, reserved 425984K
}
Event: 4450.758 GC heap after
{Heap after GC invocations=118 (full 0):
 garbage-first heap   total 512000K, used 466786K [0x0000000080000000, 0x0000000100000000)
  region size 1024K, 4 young (4096K), 4 survivors (4096K)
 Metaspace       used 127825K, committed 129984K, reserved 557056K
  class space    used 17071K, committed 18048K, reserved 425984K
}
Event: 4451.699 GC heap before
{Heap before GC invocations=118 (full 0):
 garbage-first heap   total 512000K, used 487266K [0x0000000080000000, 0x0000000100000000)
  region size 1024K, 25 young (25600K), 4 survivors (4096K)
 Metaspace       used 127832K, committed 130048K, reserved 557056K
  class space    used 17072K, committed 18048K, reserved 425984K
}
Event: 4451.725 GC heap after
{Heap after GC invocations=119 (full 0):
 garbage-first heap   total 512000K, used 471694K [0x0000000080000000, 0x0000000100000000)
  region size 1024K, 4 young (4096K), 4 survivors (4096K)
 Metaspace       used 127832K, committed 130048K, reserved 557056K
  class space    used 17072K, committed 18048K, reserved 425984K
}

